[debug] [2026-07-15T16:27:01.203Z] ----------------------------------------------------------------------
[debug] [2026-07-15T16:27:01.205Z] Command:       /opt/homebrew/Cellar/node/26.0.0/bin/node /opt/homebrew/bin/firebase init
[debug] [2026-07-15T16:27:01.205Z] CLI Version:   15.18.0
[debug] [2026-07-15T16:27:01.205Z] Platform:      darwin
[debug] [2026-07-15T16:27:01.205Z] Node Version:  v26.0.0
[debug] [2026-07-15T16:27:01.205Z] Time:          Wed Jul 15 2026 19:27:01 GMT+0300 (שעון ישראל (קיץ))
[debug] [2026-07-15T16:27:01.205Z] ----------------------------------------------------------------------
[debug] 
[info] 
     ######## #### ########  ######## ########     ###     ######  ########
     ##        ##  ##     ## ##       ##     ##  ##   ##  ##       ##
     ######    ##  ########  ######   ########  #########  ######  ######
     ##        ##  ##    ##  ##       ##     ## ##     ##       ## ##
     ##       #### ##     ## ######## ########  ##     ##  ######  ########

You're about to initialize a Firebase project in this directory:

  /Users/tamirsida/tipping_point/bst/nextjs

[debug] [2026-07-15T16:27:13.859Z] ExitPromptError: User force closed the prompt with SIGINT
    at Interface.sigint (/opt/homebrew/Cellar/firebase-cli/15.18.0/libexec/lib/node_modules/firebase-tools/node_modules/@inquirer/core/dist/commonjs/lib/create-prompt.js:101:37)
    at Interface.emit (node:events:509:20)
    at [_ttyWrite] [as _ttyWrite] (node:internal/readline/interface:1327:18)
    at ReadStream.onkeypress (node:internal/readline/interface:284:20)
    at ReadStream.emit (node:events:521:24)
    at emitKeys (node:internal/readline/utils:371:14)
    at emitKeys.next (<anonymous>)
    at ReadStream.onData (node:internal/readline/emitKeypressEvents:64:36)
    at ReadStream.emit (node:events:509:20)
    at addChunk (node:internal/streams/readable:564:12)
[error] 
[error] Error: An unexpected error has occurred.
